<?xml version="1.0" encoding="UTF-8"?>
<testng-results skipped="0" failed="0" total="1" passed="1">
  <reporter-output>
  </reporter-output>
  <suite name="Default suite" duration-ms="57757" started-at="2020-01-11T07:11:17Z" finished-at="2020-01-11T07:12:15Z">
    <groups>
    </groups>
    <test name="Default test" duration-ms="57757" started-at="2020-01-11T07:11:17Z" finished-at="2020-01-11T07:12:15Z">
      <class name="com.ta.qa.testcases.HotelReviewTest">
        <test-method status="PASS" signature="setup()[pri:0, instance:com.ta.qa.testcases.HotelReviewTest@23223dd8]" name="setup" is-config="true" duration-ms="44161" started-at="2020-01-11T12:41:17Z" finished-at="2020-01-11T12:42:01Z">
          <reporter-output>
          </reporter-output>
        </test-method> <!-- setup -->
        <test-method status="PASS" signature="hotelStayReviewTest()[pri:0, instance:com.ta.qa.testcases.HotelReviewTest@23223dd8]" name="hotelStayReviewTest" duration-ms="12673" started-at="2020-01-11T12:42:01Z" finished-at="2020-01-11T12:42:14Z">
          <reporter-output>
          </reporter-output>
        </test-method> <!-- hotelStayReviewTest -->
        <test-method status="PASS" signature="tearDown()[pri:0, instance:com.ta.qa.testcases.HotelReviewTest@23223dd8]" name="tearDown" is-config="true" duration-ms="898" started-at="2020-01-11T12:42:14Z" finished-at="2020-01-11T12:42:15Z">
          <reporter-output>
          </reporter-output>
        </test-method> <!-- tearDown -->
      </class> <!-- com.ta.qa.testcases.HotelReviewTest -->
    </test> <!-- Default test -->
  </suite> <!-- Default suite -->
</testng-results>
